{"level":"error","message":"err.message"}
{"level":"error","message":"login error"}
{"level":"error","message":"login error"}
{"level":"error","message":"login error"}
{"level":"error","message":"login error"}
{"level":"error","message":"send is not defined"}
{"level":"error","message":"login error"}
{"level":"error","message":"login error"}
{"level":"error","message":"login error"}
{"level":"error","message":"send is not defined"}
{"level":"error","message":"User.findone is not a function"}
{"level":"error","message":"User.findone is not a function"}
{"level":"error","message":"Converting circular structure to JSON\n    --> starting at object with constructor 'Topology'\n    |     property 's' -> object with constructor 'Object'\n    |     property 'sessionPool' -> object with constructor 'ServerSessionPool'\n    --- property 'topology' closes the circle"}
{"level":"error","message":"Converting circular structure to JSON\n    --> starting at object with constructor 'Topology'\n    |     property 's' -> object with constructor 'Object'\n    |     property 'sessionPool' -> object with constructor 'ServerSessionPool'\n    --- property 'topology' closes the circle"}
{"level":"error","message":"send is not defined"}
{"level":"error","message":"send is not defined"}
{"level":"error","message":"send is not defined"}
{"level":"error","message":"send is not defined"}
{"level":"error","message":"send is not defined"}
{"level":"error","message":"send is not defined"}
{"level":"error","message":"send is not defined"}
{"level":"error","message":"send is not defined"}
{"level":"error","message":"send is not defined"}
{"level":"error","message":"send is not defined"}
{"level":"error","message":"send is not defined"}
{"level":"error","message":"send is not defined"}
{"level":"error","message":"send is not defined"}
{"level":"error","message":"send is not defined"}
{"level":"error","message":"send is not defined"}
{"level":"error","message":"send is not defined"}
{"level":"error","message":"send is not defined"}
{"level":"error","message":"send is not defined"}
{"level":"error","message":"send is not defined"}
{"level":"error","message":"send is not defined"}
{"level":"error","message":"send is not defined"}
{"level":"error","message":"send is not defined"}
{"level":"error","message":"send is not defined"}
{"level":"error","message":"send is not defined"}
{"level":"error","message":"send is not defined"}
{"level":"error","message":"send is not defined"}
{"level":"error","message":"Operation `users.findOne()` buffering timed out after 10000ms"}
{"level":"error","message":"Operation `users.findOne()` buffering timed out after 10000ms"}
{"level":"error","message":"send is not defined"}
{"level":"error","message":"send is not defined"}
{"level":"error","message":"send is not defined"}
